[2025-10-20T15:11:26.637Z] [INFO] 🚀 Testing /me request...
[2025-10-20T15:11:26.641Z] [INFO] Getting access token...
[2025-10-20T15:11:26.643Z] [INFO] 🔄 Refreshing access token for FIFGnWi0rYl1khpvmA3eDZsDXFZ5idxMsY2YSI7lQts...
[2025-10-20T15:11:26.935Z] [ERROR] ❌ Failed to refresh token for FIFGnWi0rYl1khpvmA3eDZsDXFZ5idxMsY2YSI7lQts: 
[2025-10-20T15:13:55.296Z] [INFO] 🚀 Testing /me request...
[2025-10-20T15:13:55.300Z] [INFO] Getting access token...
[2025-10-20T15:13:55.301Z] [INFO] 🔄 Refreshing access token for FIFGnWi0rYl1khpvmA3eDZsDXFZ5idxMsY2YSI7lQts...
[2025-10-20T15:13:55.507Z] [ERROR] ❌ Failed to refresh token for FIFGnWi0rYl1khpvmA3eDZsDXFZ5idxMsY2YSI7lQts: [object Response]
[2025-10-20T15:18:21.607Z] [INFO] 🚀 Testing /me request...
[2025-10-20T15:18:21.609Z] [INFO] Getting access token...
[2025-10-20T15:18:21.609Z] [INFO] 🔄 Refreshing access token for FIFGnWi0rYl1khpvmA3eDZsDXFZ5idxMsY2YSI7lQts...
[2025-10-20T15:18:21.851Z] [ERROR] ❌ Failed to refresh token for FIFGnWi0rYl1khpvmA3eDZsDXFZ5idxMsY2YSI7lQts: 
[2025-10-20T15:19:05.603Z] [INFO] 🚀 Testing /me request...
[2025-10-20T15:19:05.605Z] [INFO] Getting access token...
[2025-10-20T15:19:05.607Z] [INFO] 🔄 Refreshing access token for FIFGnWi0rYl1khpvmA3eDZsDXFZ5idxMsY2YSI7lQts...
[2025-10-20T15:19:12.433Z] [ERROR] ❌ Failed to refresh token for FIFGnWi0rYl1khpvmA3eDZsDXFZ5idxMsY2YSI7lQts: 
[2025-10-20T15:21:13.764Z] [INFO] 🚀 Testing /me request...
[2025-10-20T15:21:13.766Z] [INFO] Getting access token...
[2025-10-20T15:21:13.768Z] [INFO] 🔄 Refreshing access token for FIFGnWi0rYl1khpvmA3eDZsDXFZ5idxMsY2YSI7lQts...
[2025-10-20T15:21:13.991Z] [ERROR] ❌ Failed to refresh token for FIFGnWi0rYl1khpvmA3eDZsDXFZ5idxMsY2YSI7lQts: Not Found  [object ReadableStream]
[2025-10-20T15:22:17.814Z] [INFO] 🚀 Testing /me request...
[2025-10-20T15:22:17.817Z] [INFO] Getting access token...
[2025-10-20T15:22:17.818Z] [INFO] 🔄 Refreshing access token for FIFGnWi0rYl1khpvmA3eDZsDXFZ5idxMsY2YSI7lQts...
[2025-10-20T15:22:18.062Z] [ERROR] ❌ Failed to refresh token for FIFGnWi0rYl1khpvmA3eDZsDXFZ5idxMsY2YSI7lQts: 404 Not Found 
[2025-10-20T15:23:39.048Z] [INFO] 🚀 Testing /me request...
[2025-10-20T15:23:39.051Z] [INFO] Getting access token...
[2025-10-20T15:23:39.052Z] [INFO] 🔄 Refreshing access token for FIFGnWi0rYl1khpvmA3eDZsDXFZ5idxMsY2YSI7lQts...
[2025-10-20T15:23:39.413Z] [INFO] ✅ Token refreshed for FIFGnWi0rYl1khpvmA3eDZsDXFZ5idxMsY2YSI7lQts, expires in 86400s
[2025-10-20T15:23:39.414Z] [INFO] 💾 Saving client token for FIFGnWi0rYl1khpvmA3eDZsDXFZ5idxMsY2YSI7lQts
[2025-10-20T15:23:39.416Z] [INFO] 🌍 Request: GET https://app.pennylane.com/api/external/v2/me
[2025-10-20T15:23:39.564Z] [INFO] 📡 Request response: 200 OK
[2025-10-20T15:23:39.565Z] [INFO] ✅ Response from /me:[object Object]
[2025-10-20T15:23:39.566Z] [ERROR] ❌ Missing csv filepath arguement, usage: monprogramme.exe ./fichier.csv
[2025-10-20T15:26:21.739Z] [INFO] 🚀 Testing /me request...
[2025-10-20T15:26:21.742Z] [INFO] Getting access token...
[2025-10-20T15:26:21.742Z] [INFO] 🔄 Refreshing access token for FIFGnWi0rYl1khpvmA3eDZsDXFZ5idxMsY2YSI7lQts...
[2025-10-20T15:26:22.054Z] [INFO] ✅ Token refreshed for FIFGnWi0rYl1khpvmA3eDZsDXFZ5idxMsY2YSI7lQts, expires in 86400s
[2025-10-20T15:26:22.055Z] [INFO] 💾 Saving client token for FIFGnWi0rYl1khpvmA3eDZsDXFZ5idxMsY2YSI7lQts
[2025-10-20T15:26:22.057Z] [INFO] 🌍 Request: GET https://app.pennylane.com/api/external/v2/me
[2025-10-20T15:26:22.204Z] [INFO] 📡 Request response: 200 OK
[2025-10-20T15:26:22.209Z] [INFO] ✅ Response from /me: {"user":{"id":485479,"first_name":"Pierre","last_name":"Girou","email":"p.girou@texaswin.fr","locale":"fr"},"company":{"id":164848,"name":"Sandbox Comptabilité d’engagement - p.girou@texaswin.fr","reg_no":"sandbox-164848"}}
[2025-10-20T15:26:22.212Z] [ERROR] ❌ Missing csv filepath arguement, usage: monprogramme.exe ./fichier.csv
[2025-10-20T15:27:47.279Z] [INFO] 🚀 Testing /me request...
[2025-10-20T15:27:47.281Z] [INFO] Getting access token...
[2025-10-20T15:27:47.282Z] [INFO] 🔄 Refreshing access token for FIFGnWi0rYl1khpvmA3eDZsDXFZ5idxMsY2YSI7lQts...
[2025-10-20T15:27:47.546Z] [INFO] ✅ Token refreshed for FIFGnWi0rYl1khpvmA3eDZsDXFZ5idxMsY2YSI7lQts, expires in 86400s
[2025-10-20T15:27:47.548Z] [INFO] 💾 Saving client token for FIFGnWi0rYl1khpvmA3eDZsDXFZ5idxMsY2YSI7lQts
[2025-10-20T15:27:47.550Z] [INFO] 🌍 Request: GET https://app.pennylane.com/api/external/v2/me
[2025-10-20T15:27:47.673Z] [INFO] 📡 Request response: 200 OK
[2025-10-20T15:27:47.674Z] [INFO] ✅ Response from /me: {"user":{"id":485479,"first_name":"Pierre","last_name":"Girou","email":"p.girou@texaswin.fr","locale":"fr"},"company":{"id":164848,"name":"Sandbox Comptabilité d’engagement - p.girou@texaswin.fr","reg_no":"sandbox-164848"}}
[2025-10-20T15:27:47.676Z] [INFO] Getting access token...
[2025-10-20T15:27:47.677Z] [INFO] ✅ Using cached access token for FIFGnWi0rYl1khpvmA3eDZsDXFZ5idxMsY2YSI7lQts
[2025-10-20T15:27:47.678Z] [INFO] 🌍 Request: GET https://app.pennylane.com/api/external/v2/journals?per_page=100
[2025-10-20T15:27:47.766Z] [INFO] 📡 Request response: 200 OK
[2025-10-20T15:27:47.767Z] [ERROR] Journal VTE introuvable
[2025-10-20T15:27:47.769Z] [ERROR] ❌ Erreur:Journal VTE introuvable
[2025-10-20T15:28:42.252Z] [INFO] 🚀 Testing /me request...
[2025-10-20T15:28:42.254Z] [INFO] Getting access token...
[2025-10-20T15:28:42.256Z] [INFO] 🔄 Refreshing access token for FIFGnWi0rYl1khpvmA3eDZsDXFZ5idxMsY2YSI7lQts...
[2025-10-20T15:28:42.586Z] [INFO] ✅ Token refreshed for FIFGnWi0rYl1khpvmA3eDZsDXFZ5idxMsY2YSI7lQts, expires in 86400s
[2025-10-20T15:28:42.588Z] [INFO] 💾 Saving client token for FIFGnWi0rYl1khpvmA3eDZsDXFZ5idxMsY2YSI7lQts
[2025-10-20T15:28:42.590Z] [INFO] 🌍 Request: GET https://app.pennylane.com/api/external/v2/me
[2025-10-20T15:28:42.792Z] [INFO] 📡 Request response: 200 OK
[2025-10-20T15:28:42.794Z] [INFO] ✅ Response from /me: {"user":{"id":485479,"first_name":"Pierre","last_name":"Girou","email":"p.girou@texaswin.fr","locale":"fr"},"company":{"id":164848,"name":"Sandbox Comptabilité d’engagement - p.girou@texaswin.fr","reg_no":"sandbox-164848"}}
[2025-10-20T15:28:42.796Z] [INFO] Getting access token...
[2025-10-20T15:28:42.797Z] [INFO] ✅ Using cached access token for FIFGnWi0rYl1khpvmA3eDZsDXFZ5idxMsY2YSI7lQts
[2025-10-20T15:28:42.798Z] [INFO] 🌍 Request: GET https://app.pennylane.com/api/external/v2/journals?per_page=100
[2025-10-20T15:28:42.942Z] [INFO] 📡 Request response: 200 OK
[2025-10-20T15:28:42.943Z] [INFO] Getting access token...
[2025-10-20T15:28:42.944Z] [INFO] ✅ Using cached access token for FIFGnWi0rYl1khpvmA3eDZsDXFZ5idxMsY2YSI7lQts
[2025-10-20T15:28:42.945Z] [INFO] 🌍 Request: GET https://app.pennylane.com/api/external/v2/ledger_accounts?filter=[{"field":"number","operator":"eq","value":"707100"}]
[2025-10-20T15:28:43.108Z] [INFO] 📡 Request response: 200 OK
[2025-10-20T15:28:43.110Z] [ERROR] Compte comptable 707100 introuvable
[2025-10-20T15:28:43.111Z] [ERROR] ❌ Erreur:Compte comptable 707100 introuvable
[2025-10-21T07:31:45.859Z] [INFO] 🚀 Testing /me request...
[2025-10-21T07:31:45.861Z] [INFO] Getting access token...
[2025-10-21T07:31:45.863Z] [INFO] 🔄 Refreshing access token for FIFGnWi0rYl1khpvmA3eDZsDXFZ5idxMsY2YSI7lQts...
[2025-10-21T07:31:46.431Z] [INFO] ✅ Token refreshed for FIFGnWi0rYl1khpvmA3eDZsDXFZ5idxMsY2YSI7lQts, expires in 86400s
[2025-10-21T07:31:46.435Z] [INFO] 💾 Saving client token for FIFGnWi0rYl1khpvmA3eDZsDXFZ5idxMsY2YSI7lQts
[2025-10-21T07:31:46.441Z] [INFO] 🌍 Request: GET https://app.pennylane.com/api/external/v2/me
[2025-10-21T07:31:46.585Z] [INFO] 📡 Request response: 200 OK
[2025-10-21T07:31:46.589Z] [INFO] ✅ Response from /me: {"user":{"id":485479,"first_name":"Pierre","last_name":"Girou","email":"p.girou@texaswin.fr","locale":"fr"},"company":{"id":164848,"name":"Sandbox Comptabilité d’engagement - p.girou@texaswin.fr","reg_no":"sandbox-164848"}}
[2025-10-21T07:31:46.593Z] [ERROR] ❌ Missing csv filepath arguement, usage: monprogramme.exe ./fichier.csv
[2025-10-21T07:33:22.566Z] [INFO] 🚀 Testing /me request...
[2025-10-21T07:33:22.568Z] [INFO] Getting access token...
[2025-10-21T07:33:22.570Z] [INFO] 🔄 Refreshing access token for FIFGnWi0rYl1khpvmA3eDZsDXFZ5idxMsY2YSI7lQts...
[2025-10-21T07:33:22.827Z] [INFO] ✅ Token refreshed for FIFGnWi0rYl1khpvmA3eDZsDXFZ5idxMsY2YSI7lQts, expires in 86400s
[2025-10-21T07:33:22.829Z] [INFO] 💾 Saving client token for FIFGnWi0rYl1khpvmA3eDZsDXFZ5idxMsY2YSI7lQts
[2025-10-21T07:33:22.832Z] [INFO] 🌍 Request: GET https://app.pennylane.com/api/external/v2/me
[2025-10-21T07:33:22.973Z] [INFO] 📡 Request response: 200 OK
[2025-10-21T07:33:22.975Z] [INFO] ✅ Response from /me: {"user":{"id":485479,"first_name":"Pierre","last_name":"Girou","email":"p.girou@texaswin.fr","locale":"fr"},"company":{"id":164848,"name":"Sandbox Comptabilité d’engagement - p.girou@texaswin.fr","reg_no":"sandbox-164848"}}
[2025-10-21T07:33:22.981Z] [INFO] Getting access token...
[2025-10-21T07:33:22.982Z] [INFO] ✅ Using cached access token for FIFGnWi0rYl1khpvmA3eDZsDXFZ5idxMsY2YSI7lQts
[2025-10-21T07:33:22.984Z] [INFO] 🌍 Request: GET https://app.pennylane.com/api/external/v2/journals?per_page=100
[2025-10-21T07:33:23.198Z] [INFO] 📡 Request response: 200 OK
[2025-10-21T07:33:23.199Z] [INFO] Getting access token...
[2025-10-21T07:33:23.200Z] [INFO] ✅ Using cached access token for FIFGnWi0rYl1khpvmA3eDZsDXFZ5idxMsY2YSI7lQts
[2025-10-21T07:33:23.202Z] [INFO] 🌍 Request: GET https://app.pennylane.com/api/external/v2/ledger_accounts?filter=[{"field":"number","operator":"eq","value":"707100"}]
[2025-10-21T07:33:23.358Z] [INFO] 📡 Request response: 200 OK
[2025-10-21T07:33:23.360Z] [ERROR] Compte comptable 707100 introuvable
[2025-10-21T07:33:23.361Z] [ERROR] ❌ Erreur:Compte comptable 707100 introuvable
[21/10/2025 09:43:13] [INFO] 🚀 Testing /me request...
[21/10/2025 09:43:13] [INFO] Getting access token...
[21/10/2025 09:43:13] [INFO] 🔄 Refreshing access token for FIFGnWi0rYl1khpvmA3eDZsDXFZ5idxMsY2YSI7lQts...
[21/10/2025 09:43:14] [INFO] ✅ Token refreshed for FIFGnWi0rYl1khpvmA3eDZsDXFZ5idxMsY2YSI7lQts, expires in 86400s
[21/10/2025 09:43:14] [INFO] 💾 Saving client token for FIFGnWi0rYl1khpvmA3eDZsDXFZ5idxMsY2YSI7lQts
[21/10/2025 09:43:14] [INFO] 🌍 Request: GET https://app.pennylane.com/api/external/v2/me
[21/10/2025 09:43:14] [INFO] 📡 Request response: 200 OK
[21/10/2025 09:43:14] [INFO] ✅ Response from /me: {"user":{"id":485479,"first_name":"Pierre","last_name":"Girou","email":"p.girou@texaswin.fr","locale":"fr"},"company":{"id":164848,"name":"Sandbox Comptabilité d’engagement - p.girou@texaswin.fr","reg_no":"sandbox-164848"}}
[21/10/2025 09:43:14] [INFO] Getting access token...
[21/10/2025 09:43:14] [INFO] ✅ Using cached access token for FIFGnWi0rYl1khpvmA3eDZsDXFZ5idxMsY2YSI7lQts
[21/10/2025 09:43:14] [INFO] 🌍 Request: GET https://app.pennylane.com/api/external/v2/journals?per_page=100
[21/10/2025 09:43:14] [INFO] 📡 Request response: 200 OK
[21/10/2025 09:43:14] [INFO] Getting access token...
[21/10/2025 09:43:14] [INFO] ✅ Using cached access token for FIFGnWi0rYl1khpvmA3eDZsDXFZ5idxMsY2YSI7lQts
[21/10/2025 09:43:14] [INFO] 🌍 Request: GET https://app.pennylane.com/api/external/v2/ledger_accounts?filter=[{"field":"number","operator":"eq","value":"707100"}]
[21/10/2025 09:43:14] [INFO] 📡 Request response: 200 OK
[21/10/2025 09:43:14] [ERROR] Compte comptable 707100 introuvable
[21/10/2025 09:43:14] [ERROR] ❌ Erreur:Compte comptable 707100 introuvable
[21/10/2025 09:50:55] [ℹ️ INFO] 🚀 Testing /me request...
[21/10/2025 09:50:55] [ℹ️ INFO] Getting access token...
[21/10/2025 09:50:55] [ℹ️ INFO] 🔄 Refreshing access token for FIFGnWi0rYl1khpvmA3eDZsDXFZ5idxMsY2YSI7lQts...
[21/10/2025 09:50:55] [ℹ️ INFO] ✅ Token refreshed for FIFGnWi0rYl1khpvmA3eDZsDXFZ5idxMsY2YSI7lQts, expires in 86400s
[21/10/2025 09:50:55] [ℹ️ INFO] 💾 Saving client token for FIFGnWi0rYl1khpvmA3eDZsDXFZ5idxMsY2YSI7lQts
[21/10/2025 09:50:55] [ℹ️ INFO] 🌍 Request: GET https://app.pennylane.com/api/external/v2/me
[21/10/2025 09:50:55] [ℹ️ INFO] 📡 Request response: 200 OK
[21/10/2025 09:50:55] [ℹ️ INFO] ✅ Response from /me: {"user":{"id":485479,"first_name":"Pierre","last_name":"Girou","email":"p.girou@texaswin.fr","locale":"fr"},"company":{"id":164848,"name":"Sandbox Comptabilité d’engagement - p.girou@texaswin.fr","reg_no":"sandbox-164848"}}
[21/10/2025 09:50:55] [ℹ️ INFO] Getting access token...
[21/10/2025 09:50:55] [ℹ️ INFO] ✅ Using cached access token for FIFGnWi0rYl1khpvmA3eDZsDXFZ5idxMsY2YSI7lQts
[21/10/2025 09:50:55] [ℹ️ INFO] 🌍 Request: GET https://app.pennylane.com/api/external/v2/journals?per_page=100
[21/10/2025 09:50:55] [ℹ️ INFO] 📡 Request response: 200 OK
[21/10/2025 09:50:55] [ℹ️ INFO] Getting access token...
[21/10/2025 09:50:55] [ℹ️ INFO] ✅ Using cached access token for FIFGnWi0rYl1khpvmA3eDZsDXFZ5idxMsY2YSI7lQts
[21/10/2025 09:50:55] [ℹ️ INFO] 🌍 Request: GET https://app.pennylane.com/api/external/v2/ledger_accounts?filter=[{"field":"number","operator":"eq","value":"707100"}]
[21/10/2025 09:50:55] [ℹ️ INFO] 📡 Request response: 401 Unauthorized
[21/10/2025 09:50:55] [❌ ERROR] Compte comptable 707100 introuvable
[21/10/2025 09:50:55] [❌ ERROR] ❌ Erreur Compte comptable 707100 introuvable
[21/10/2025 10:01:33] [ℹ️ INFO] 🚀 Testing /me request...
[21/10/2025 10:01:34] [ℹ️ INFO] Getting access token...
[21/10/2025 10:01:34] [ℹ️ INFO] 🔄 Refreshing access token for FIFGnWi0rYl1khpvmA3eDZsDXFZ5idxMsY2YSI7lQts...
[21/10/2025 10:01:34] [ℹ️ INFO] ✅ Token refreshed for FIFGnWi0rYl1khpvmA3eDZsDXFZ5idxMsY2YSI7lQts, expires in 86400s
[21/10/2025 10:01:34] [ℹ️ INFO] 💾 Saving client token for FIFGnWi0rYl1khpvmA3eDZsDXFZ5idxMsY2YSI7lQts
[21/10/2025 10:01:34] [ℹ️ INFO] 🌍 Request: GET https://app.pennylane.com/api/external/v2/me
[21/10/2025 10:01:34] [ℹ️ INFO] 📡 Request response: 200 OK
[21/10/2025 10:01:34] [ℹ️ INFO] ✅ Response from /me: {"user":{"id":485479,"first_name":"Pierre","last_name":"Girou","email":"p.girou@texaswin.fr","locale":"fr"},"company":{"id":164848,"name":"Sandbox Comptabilité d’engagement - p.girou@texaswin.fr","reg_no":"sandbox-164848"}}
[21/10/2025 10:01:34] [ℹ️ INFO] Getting access token...
[21/10/2025 10:01:34] [ℹ️ INFO] ✅ Using cached access token for FIFGnWi0rYl1khpvmA3eDZsDXFZ5idxMsY2YSI7lQts
[21/10/2025 10:01:34] [ℹ️ INFO] 🌍 Request: GET https://app.pennylane.com/api/external/v2/journals?per_page=100
[21/10/2025 10:01:34] [ℹ️ INFO] 📡 Request response: 200 OK
[21/10/2025 10:01:34] [ℹ️ INFO] Getting access token...
[21/10/2025 10:01:34] [ℹ️ INFO] ✅ Using cached access token for FIFGnWi0rYl1khpvmA3eDZsDXFZ5idxMsY2YSI7lQts
[21/10/2025 10:01:34] [ℹ️ INFO] 🌍 Request: GET https://app.pennylane.com/api/external/v2/ledger_accounts?filter=[{"field":"number","operator":"eq","value":"707100"}]
[21/10/2025 10:01:34] [ℹ️ INFO] 📡 Request response: 200 OK
[21/10/2025 10:01:34] [❌ ERROR] Compte comptable 707100 introuvable
[21/10/2025 10:01:34] [❌ ERROR] Erreur import en échec... 
[21/10/2025 10:15:03] [ℹ️ INFO] 🚀 Testing /me request...
[21/10/2025 10:15:03] [ℹ️ INFO] Getting access token...
[21/10/2025 10:15:03] [ℹ️ INFO] 🔄 Refreshing access token for FIFGnWi0rYl1khpvmA3eDZsDXFZ5idxMsY2YSI7lQts...
[21/10/2025 10:15:04] [ℹ️ INFO] ✅ Token refreshed for FIFGnWi0rYl1khpvmA3eDZsDXFZ5idxMsY2YSI7lQts, expires in 86400s
[21/10/2025 10:15:04] [ℹ️ INFO] 💾 Saving client token for FIFGnWi0rYl1khpvmA3eDZsDXFZ5idxMsY2YSI7lQts
[21/10/2025 10:15:04] [ℹ️ INFO] 🌍 Request: GET https://app.pennylane.com/api/external/v2/me
[21/10/2025 10:15:04] [ℹ️ INFO] 📡 Request response: 200 OK
[21/10/2025 10:15:04] [ℹ️ INFO] ✅ Response from /me: {"user":{"id":485479,"first_name":"Pierre","last_name":"Girou","email":"p.girou@texaswin.fr","locale":"fr"},"company":{"id":164848,"name":"Sandbox Comptabilité d’engagement - p.girou@texaswin.fr","reg_no":"sandbox-164848"}}
[21/10/2025 10:15:04] [ℹ️ INFO] Getting access token...
[21/10/2025 10:15:04] [ℹ️ INFO] ✅ Using cached access token for FIFGnWi0rYl1khpvmA3eDZsDXFZ5idxMsY2YSI7lQts
[21/10/2025 10:15:04] [ℹ️ INFO] 🌍 Request: GET https://app.pennylane.com/api/external/v2/journals?per_page=100
[21/10/2025 10:15:04] [ℹ️ INFO] 📡 Request response: 200 OK
[21/10/2025 10:15:04] [ℹ️ INFO] Getting access token...
[21/10/2025 10:15:04] [ℹ️ INFO] ✅ Using cached access token for FIFGnWi0rYl1khpvmA3eDZsDXFZ5idxMsY2YSI7lQts
[21/10/2025 10:15:04] [ℹ️ INFO] 🌍 Request: GET https://app.pennylane.com/api/external/v2/ledger_accounts?filter=[{"field":"number","operator":"eq","value":"707100"}]
[21/10/2025 10:15:04] [ℹ️ INFO] 📡 Request response: 200 OK
[21/10/2025 10:15:04] [❌ ERROR] Compte comptable 707100 introuvable
[21/10/2025 10:15:04] [❌ ERROR] Erreur import en échec... 
[21/10/2025 10:15:34] [ℹ️ INFO] Test de la requête /me...
[21/10/2025 10:15:34] [ℹ️ INFO] Récupération du jeton d'accès...
[21/10/2025 10:15:34] [ℹ️ INFO] Actualisation du jeton d'accès pourFIFGnWi0rYl1khpvmA3eDZsDXFZ5idxMsY2YSI7lQts...
[21/10/2025 10:15:34] [ℹ️ INFO] Jeton actualisé pour FIFGnWi0rYl1khpvmA3eDZsDXFZ5idxMsY2YSI7lQts, expire dans 86400s
[21/10/2025 10:15:34] [ℹ️ INFO] 💾 Saving client token for FIFGnWi0rYl1khpvmA3eDZsDXFZ5idxMsY2YSI7lQts
[21/10/2025 10:15:34] [ℹ️ INFO] 🌍 Request: GET https://app.pennylane.com/api/external/v2/me
[21/10/2025 10:15:34] [ℹ️ INFO] 📡 Request response: 200 OK
[21/10/2025 10:15:34] [ℹ️ INFO] Réponse de /me : {"user":{"id":485479,"first_name":"Pierre","last_name":"Girou","email":"p.girou@texaswin.fr","locale":"fr"},"company":{"id":164848,"name":"Sandbox Comptabilité d’engagement - p.girou@texaswin.fr","reg_no":"sandbox-164848"}}
[21/10/2025 10:15:34] [ℹ️ INFO] Récupération du jeton d'accès...
[21/10/2025 10:15:34] [ℹ️ INFO] Utilisation du jeton d'accès mis en cache pourFIFGnWi0rYl1khpvmA3eDZsDXFZ5idxMsY2YSI7lQts
[21/10/2025 10:15:34] [ℹ️ INFO] 🌍 Request: GET https://app.pennylane.com/api/external/v2/journals?per_page=100
[21/10/2025 10:15:34] [ℹ️ INFO] 📡 Request response: 200 OK
[21/10/2025 10:15:34] [ℹ️ INFO] Récupération du jeton d'accès...
[21/10/2025 10:15:35] [ℹ️ INFO] Utilisation du jeton d'accès mis en cache pourFIFGnWi0rYl1khpvmA3eDZsDXFZ5idxMsY2YSI7lQts
[21/10/2025 10:15:35] [ℹ️ INFO] 🌍 Request: GET https://app.pennylane.com/api/external/v2/ledger_accounts?filter=[{"field":"number","operator":"eq","value":"707100"}]
[21/10/2025 10:15:35] [ℹ️ INFO] 📡 Request response: 200 OK
[21/10/2025 10:15:35] [❌ ERROR] Compte comptable 707100 introuvable
[21/10/2025 10:15:35] [❌ ERROR] Erreur import en échec... 
[21/10/2025 10:16:29] [❌ ERROR] PENNYLANE_CLIENT_ID PENNYLANE_CLIENT_SECRET PENNYLANE_REFRESH_TOKEN manquants dans le fichier de configuration.
[21/10/2025 11:51:19] [ℹ️ INFO] Test de la requête /me...
[21/10/2025 11:51:19] [ℹ️ INFO] Récupération du jeton d'accès...
[21/10/2025 11:51:19] [ℹ️ INFO] Actualisation du jeton d'accès pourFIFGnWi0rYl1khpvmA3eDZsDXFZ5idxMsY2YSI7lQts...
[21/10/2025 11:51:20] [ℹ️ INFO] Jeton actualisé pour FIFGnWi0rYl1khpvmA3eDZsDXFZ5idxMsY2YSI7lQts, expire dans 86400s
[21/10/2025 11:51:20] [ℹ️ INFO] Sauvegarde du jeton pour client: FIFGnWi0rYl1khpvmA3eDZsDXFZ5idxMsY2YSI7lQts
[21/10/2025 11:51:20] [ℹ️ INFO] 🌍 Requête: GET https://app.pennylane.com/api/external/v2/me
[21/10/2025 11:51:20] [ℹ️ INFO] 📡 Requête réponse: 200 OK
[21/10/2025 11:51:20] [ℹ️ INFO] Réponse de /me : {"user":{"id":485479,"first_name":"Pierre","last_name":"Girou","email":"p.girou@texaswin.fr","locale":"fr"},"company":{"id":164848,"name":"Sandbox Comptabilité d’engagement - p.girou@texaswin.fr","reg_no":"sandbox-164848"}}
[21/10/2025 11:51:20] [ℹ️ INFO] Récupération du jeton d'accès...
[21/10/2025 11:51:20] [ℹ️ INFO] Utilisation du jeton d'accès mis en cache pourFIFGnWi0rYl1khpvmA3eDZsDXFZ5idxMsY2YSI7lQts
[21/10/2025 11:51:20] [ℹ️ INFO] 🌍 Requête: GET https://app.pennylane.com/api/external/v2/journals?per_page=100
[21/10/2025 11:51:20] [ℹ️ INFO] 📡 Requête réponse: 200 OK
[21/10/2025 11:51:20] [ℹ️ INFO] Récupération du jeton d'accès...
[21/10/2025 11:51:20] [ℹ️ INFO] Utilisation du jeton d'accès mis en cache pourFIFGnWi0rYl1khpvmA3eDZsDXFZ5idxMsY2YSI7lQts
[21/10/2025 11:51:20] [ℹ️ INFO] 🌍 Requête: GET https://app.pennylane.com/api/external/v2/ledger_accounts?filter=[{"field":"number","operator":"eq","value":"707100"}]
[21/10/2025 11:51:20] [ℹ️ INFO] 📡 Requête réponse: 200 OK
[21/10/2025 11:51:20] [❌ ERROR] Compte comptable 707100 introuvable
[21/10/2025 11:51:20] [❌ ERROR] Erreur import en échec... 
[21/10/2025 11:53:36] [ℹ️ INFO] Test de la requête /me...
[21/10/2025 11:53:36] [ℹ️ INFO] Récupération du jeton d'accès...
[21/10/2025 11:53:36] [ℹ️ INFO] Actualisation du jeton d'accès pour FIFGnWi0rYl1khpvmA3eDZsDXFZ5idxMsY2YSI7lQts...
[21/10/2025 11:53:37] [ℹ️ INFO] Jeton actualisé pour FIFGnWi0rYl1khpvmA3eDZsDXFZ5idxMsY2YSI7lQts, expire dans 86400s
[21/10/2025 11:53:37] [ℹ️ INFO] Sauvegarde du jeton pour client: FIFGnWi0rYl1khpvmA3eDZsDXFZ5idxMsY2YSI7lQts
[21/10/2025 11:53:37] [ℹ️ INFO] 🌍 Requête: GET https://app.pennylane.com/api/external/v2/me
[21/10/2025 11:53:37] [ℹ️ INFO] 📡 Requête réponse: 200 OK
[21/10/2025 11:53:37] [ℹ️ INFO] Réponse de /me : {"user":{"id":485479,"first_name":"Pierre","last_name":"Girou","email":"p.girou@texaswin.fr","locale":"fr"},"company":{"id":164848,"name":"Sandbox Comptabilité d’engagement - p.girou@texaswin.fr","reg_no":"sandbox-164848"}}
[21/10/2025 11:53:37] [ℹ️ INFO] Récupération du jeton d'accès...
[21/10/2025 11:53:37] [ℹ️ INFO] Utilisation du jeton d'accès mis en cache pour FIFGnWi0rYl1khpvmA3eDZsDXFZ5idxMsY2YSI7lQts
[21/10/2025 11:53:37] [ℹ️ INFO] 🌍 Requête: GET https://app.pennylane.com/api/external/v2/journals?per_page=100
[21/10/2025 11:53:37] [ℹ️ INFO] 📡 Requête réponse: 200 OK
[21/10/2025 11:53:37] [ℹ️ INFO] Récupération du jeton d'accès...
[21/10/2025 11:53:37] [ℹ️ INFO] Utilisation du jeton d'accès mis en cache pour FIFGnWi0rYl1khpvmA3eDZsDXFZ5idxMsY2YSI7lQts
[21/10/2025 11:53:37] [ℹ️ INFO] 🌍 Requête: GET https://app.pennylane.com/api/external/v2/ledger_accounts?filter=[{"field":"number","operator":"eq","value":"707100"}]
[21/10/2025 11:53:37] [ℹ️ INFO] 📡 Requête réponse: 200 OK
[21/10/2025 11:53:37] [❌ ERROR] Compte comptable 707100 introuvable
[21/10/2025 11:53:37] [❌ ERROR] Erreur import en échec... 
